Determining if the pthread_create exist failed with the following output:
Change Dir: /home/rovi2/catkin_ws/src/mp_mini_picker/cmake-build-debug/CMakeFiles/CMakeTmp

Run Build Command:"/usr/bin/make" "cmTC_14fee/fast"
/usr/bin/make -f CMakeFiles/cmTC_14fee.dir/build.make CMakeFiles/cmTC_14fee.dir/build
make[1]: Entering directory '/home/rovi2/catkin_ws/src/mp_mini_picker/cmake-build-debug/CMakeFiles/CMakeTmp'
Building C object CMakeFiles/cmTC_14fee.dir/CheckSymbolExists.c.o
/usr/bin/cc    -o CMakeFiles/cmTC_14fee.dir/CheckSymbolExists.c.o   -c /home/rovi2/catkin_ws/src/mp_mini_picker/cmake-build-debug/CMakeFiles/CMakeTmp/CheckSymbolExists.c
Linking C executable cmTC_14fee
/home/rovi2/clion-2017.3/bin/cmake/bin/cmake -E cmake_link_script CMakeFiles/cmTC_14fee.dir/link.txt --verbose=1
/usr/bin/cc      -rdynamic CMakeFiles/cmTC_14fee.dir/CheckSymbolExists.c.o  -o cmTC_14fee 
CMakeFiles/cmTC_14fee.dir/CheckSymbolExists.c.o: In function `main':
CheckSymbolExists.c:(.text+0x16): undefined reference to `pthread_create'
collect2: error: ld returned 1 exit status
CMakeFiles/cmTC_14fee.dir/build.make:97: recipe for target 'cmTC_14fee' failed
make[1]: *** [cmTC_14fee] Error 1
make[1]: Leaving directory '/home/rovi2/catkin_ws/src/mp_mini_picker/cmake-build-debug/CMakeFiles/CMakeTmp'
Makefile:126: recipe for target 'cmTC_14fee/fast' failed
make: *** [cmTC_14fee/fast] Error 2

File /home/rovi2/catkin_ws/src/mp_mini_picker/cmake-build-debug/CMakeFiles/CMakeTmp/CheckSymbolExists.c:
/* */
#include <pthread.h>

int main(int argc, char** argv)
{
  (void)argv;
#ifndef pthread_create
  return ((int*)(&pthread_create))[argc];
#else
  (void)argc;
  return 0;
#endif
}

Determining if the function pthread_create exists in the pthreads failed with the following output:
Change Dir: /home/rovi2/catkin_ws/src/mp_mini_picker/cmake-build-debug/CMakeFiles/CMakeTmp

Run Build Command:"/usr/bin/make" "cmTC_ad382/fast"
/usr/bin/make -f CMakeFiles/cmTC_ad382.dir/build.make CMakeFiles/cmTC_ad382.dir/build
make[1]: Entering directory '/home/rovi2/catkin_ws/src/mp_mini_picker/cmake-build-debug/CMakeFiles/CMakeTmp'
Building C object CMakeFiles/cmTC_ad382.dir/CheckFunctionExists.c.o
/usr/bin/cc   -DCHECK_FUNCTION_EXISTS=pthread_create   -o CMakeFiles/cmTC_ad382.dir/CheckFunctionExists.c.o   -c /home/rovi2/clion-2017.3/bin/cmake/share/cmake-3.9/Modules/CheckFunctionExists.c
Linking C executable cmTC_ad382
/home/rovi2/clion-2017.3/bin/cmake/bin/cmake -E cmake_link_script CMakeFiles/cmTC_ad382.dir/link.txt --verbose=1
/usr/bin/cc  -DCHECK_FUNCTION_EXISTS=pthread_create    -rdynamic CMakeFiles/cmTC_ad382.dir/CheckFunctionExists.c.o  -o cmTC_ad382 -lpthreads 
/usr/bin/ld: cannot find -lpthreads
collect2: error: ld returned 1 exit status
CMakeFiles/cmTC_ad382.dir/build.make:97: recipe for target 'cmTC_ad382' failed
make[1]: *** [cmTC_ad382] Error 1
make[1]: Leaving directory '/home/rovi2/catkin_ws/src/mp_mini_picker/cmake-build-debug/CMakeFiles/CMakeTmp'
Makefile:126: recipe for target 'cmTC_ad382/fast' failed
make: *** [cmTC_ad382/fast] Error 2


